<?xml version="1.0" encoding="UTF-8"?>
<!-- Generated by org.testng.reporters.JUnitXMLReporter -->
<testsuite hostname="Sony-PC" name="Command line test" tests="3" failures="0" timestamp="4 Sep 2018 12:05:34 GMT" time="0.087" errors="0">
  <testcase name="test1" time="0.003" classname="jenkinstest.jenkinstest.Test1"/>
  <testcase name="test2" time="0.001" classname="jenkinstest.jenkinstest.Test1"/>
  <testcase name="test3" time="0.001" classname="jenkinstest.jenkinstest.Test1"/>
</testsuite> <!-- Command line test -->
